<?xml version="1.0" encoding="UTF-8"?>
<!-- Generated by org.testng.reporters.JUnitXMLReporter -->
<testsuite ignored="6" hostname="DESKTOP-1U1HSEP" failures="0" tests="1" name="RegressionSuite" time="12.823" errors="0" timestamp="2025-11-25T10:26:03 IST">
  <testcase classname="Test.LoginTests" name="LoginSuite" time="12.73"/>
  <testcase classname="testbase.BaseTemplate" name="@BeforeSuite beforeSuiteSetup" time="0.0">
    <ignored/>
  </testcase> <!-- @BeforeSuite beforeSuiteSetup -->
  <testcase classname="Test.PIMTests" name="RunTests" time="0.0">
    <ignored/>
  </testcase> <!-- RunTests -->
  <testcase classname="testbase.BaseTemplate" name="@BeforeSuite beforeSuiteSetup" time="0.0">
    <ignored/>
  </testcase> <!-- @BeforeSuite beforeSuiteSetup -->
  <testcase classname="testbase.BaseTemplate" name="@AfterSuite afterSuiteCleanup" time="0.0">
    <ignored/>
  </testcase> <!-- @AfterSuite afterSuiteCleanup -->
  <testcase classname="testbase.BaseTemplate" name="@AfterSuite afterSuiteCleanup" time="0.0">
    <ignored/>
  </testcase> <!-- @AfterSuite afterSuiteCleanup -->
  <testcase classname="Test.LeaveTests" name="RunTests" time="0.0">
    <ignored/>
  </testcase> <!-- RunTests -->
</testsuite> <!-- RegressionSuite -->
