<?xml version="1.0" encoding="UTF-8"?>
<testng-results ignored="0" total="1" passed="1" failed="0" skipped="0">
  <reporter-output>
  </reporter-output>
  <suite started-at="2025-11-19T11:40:26 IST" name="AutomationSuite" finished-at="2025-11-19T11:40:38 IST" duration-ms="12248">
    <groups>
    </groups>
    <test started-at="2025-11-19T11:40:26 IST" name="Regression" finished-at="2025-11-19T11:40:38 IST" duration-ms="12248">
      <class name="Test.LoginTests">
        <test-method is-config="true" signature="beforeSuiteSetup()[pri:0, instance:Test.LoginTests@780cb77]" started-at="2025-11-19T11:40:21 IST" name="beforeSuiteSetup" finished-at="2025-11-19T11:40:26 IST" duration-ms="4988" status="PASS">
          <reporter-output>
          </reporter-output>
        </test-method> <!-- beforeSuiteSetup -->
        <test-method is-config="true" signature="getMethodname(java.lang.reflect.Method)[pri:0, instance:Test.LoginTests@780cb77]" started-at="2025-11-19T11:40:26 IST" name="getMethodname" finished-at="2025-11-19T11:40:26 IST" duration-ms="6" status="PASS">
          <params>
            <param index="0">
              <value>
                <![CDATA[public void Test.LoginTests.RunTests() throws java.io.IOException,java.lang.InterruptedException]]>
              </value>
            </param>
          </params>
          <reporter-output>
          </reporter-output>
        </test-method> <!-- getMethodname -->
        <test-method signature="RunTests()[pri:0, instance:Test.LoginTests@780cb77]" started-at="2025-11-19T11:40:26 IST" name="RunTests" finished-at="2025-11-19T11:40:38 IST" duration-ms="12152" status="PASS">
          <reporter-output>
          </reporter-output>
        </test-method> <!-- RunTests -->
        <test-method is-config="true" signature="afterSuiteCleanup()[pri:0, instance:Test.LoginTests@780cb77]" started-at="2025-11-19T11:40:38 IST" name="afterSuiteCleanup" finished-at="2025-11-19T11:40:39 IST" duration-ms="402" status="PASS">
          <reporter-output>
          </reporter-output>
        </test-method> <!-- afterSuiteCleanup -->
      </class> <!-- Test.LoginTests -->
    </test> <!-- Regression -->
  </suite> <!-- AutomationSuite -->
</testng-results>
